<?xml version="1.0" encoding="UTF-8"?>
<testng-results ignored="0" total="1" passed="1" failed="0" skipped="0">
  <reporter-output>
  </reporter-output>
  <suite started-at="2024-12-14T12:08:37 IST" name="Suite" finished-at="2024-12-14T12:08:41 IST" duration-ms="3922">
    <groups>
    </groups>
    <test started-at="2024-12-14T12:08:37 IST" name="Test" finished-at="2024-12-14T12:08:41 IST" duration-ms="3922">
      <class name="org.scriptsRunner.HealthSync.MavenExampleScript">
        <test-method signature="run()[pri:0, instance:org.scriptsRunner.HealthSync.MavenExampleScript@3e27aa33]" started-at="2024-12-14T12:08:37 IST" name="run" finished-at="2024-12-14T12:08:41 IST" duration-ms="3853" status="PASS">
          <reporter-output>
          </reporter-output>
        </test-method> <!-- run -->
      </class> <!-- org.scriptsRunner.HealthSync.MavenExampleScript -->
    </test> <!-- Test -->
  </suite> <!-- Suite -->
</testng-results>
